[0619/164045.831:ERROR:process_reader_win.cc(151)] SuspendThread: Access is denied. (0x5)
[0619/164045.831:ERROR:process_reader_win.cc(151)] SuspendThread: Access is denied. (0x5)
[0619/164045.831:ERROR:process_reader_win.cc(151)] SuspendThread: Access is denied. (0x5)
[0619/164045.831:ERROR:process_reader_win.cc(151)] SuspendThread: Access is denied. (0x5)
[0619/164045.831:ERROR:process_reader_win.cc(151)] SuspendThread: Access is denied. (0x5)
[0619/164045.831:ERROR:process_reader_win.cc(151)] SuspendThread: Access is denied. (0x5)
[0619/164045.831:ERROR:process_reader_win.cc(151)] SuspendThread: Access is denied. (0x5)
[0619/164045.831:ERROR:process_reader_win.cc(151)] SuspendThread: Access is denied. (0x5)
[0619/164045.831:ERROR:process_reader_win.cc(123)] NtOpenThread: {Access Denied} A process has requested access to an object, but has not been granted those access rights. (0xc0000022)
[0619/164045.927:ERROR:exception_snapshot_win.cc(98)] thread ID 11116 not found in process
[0619/171843.951:ERROR:process_reader_win.cc(123)] NtOpenThread: {Access Denied} A process has requested access to an object, but has not been granted those access rights. (0xc0000022)
[0619/171843.951:ERROR:exception_snapshot_win.cc(98)] thread ID 12008 not found in process
[0619/172832.179:ERROR:process_reader_win.cc(151)] SuspendThread: Access is denied. (0x5)
[0619/172832.179:ERROR:process_reader_win.cc(151)] SuspendThread: Access is denied. (0x5)
[0619/172832.179:ERROR:process_reader_win.cc(151)] SuspendThread: Access is denied. (0x5)
[0619/172832.179:ERROR:process_reader_win.cc(151)] SuspendThread: Access is denied. (0x5)
[0619/172832.179:ERROR:process_reader_win.cc(151)] SuspendThread: Access is denied. (0x5)
[0619/172832.179:ERROR:process_reader_win.cc(151)] SuspendThread: Access is denied. (0x5)
[0619/172832.179:ERROR:process_reader_win.cc(151)] SuspendThread: Access is denied. (0x5)
[0619/172832.179:ERROR:process_reader_win.cc(123)] NtOpenThread: {Access Denied} A process has requested access to an object, but has not been granted those access rights. (0xc0000022)
[0619/172832.179:ERROR:exception_snapshot_win.cc(98)] thread ID 12372 not found in process
[0619/221356.362:ERROR:process_reader_win.cc(123)] NtOpenThread: {Access Denied} A process has requested access to an object, but has not been granted those access rights. (0xc0000022)
[0619/221356.382:ERROR:exception_snapshot_win.cc(98)] thread ID 17044 not found in process
[0619/221357.260:ERROR:process_reader_win.cc(123)] NtOpenThread: {Access Denied} A process has requested access to an object, but has not been granted those access rights. (0xc0000022)
[0619/221357.261:ERROR:exception_snapshot_win.cc(98)] thread ID 16584 not found in process
[0619/221359.489:ERROR:process_reader_win.cc(123)] NtOpenThread: {Access Denied} A process has requested access to an object, but has not been granted those access rights. (0xc0000022)
[0619/221359.489:ERROR:exception_snapshot_win.cc(98)] thread ID 16940 not found in process
[0619/224155.156:ERROR:process_reader_win.cc(123)] NtOpenThread: {Access Denied} A process has requested access to an object, but has not been granted those access rights. (0xc0000022)
[0619/224155.333:ERROR:exception_snapshot_win.cc(98)] thread ID 17164 not found in process
[0619/224900.672:ERROR:process_reader_win.cc(123)] NtOpenThread: {Access Denied} A process has requested access to an object, but has not been granted those access rights. (0xc0000022)
[0619/224900.673:ERROR:exception_snapshot_win.cc(98)] thread ID 17248 not found in process
[0619/224901.238:ERROR:process_reader_win.cc(123)] NtOpenThread: {Access Denied} A process has requested access to an object, but has not been granted those access rights. (0xc0000022)
[0619/224901.238:ERROR:exception_snapshot_win.cc(98)] thread ID 12908 not found in process
[0619/224904.215:ERROR:process_reader_win.cc(123)] NtOpenThread: {Access Denied} A process has requested access to an object, but has not been granted those access rights. (0xc0000022)
[0619/224904.216:ERROR:exception_snapshot_win.cc(98)] thread ID 14680 not found in process
[0620/162529.039:ERROR:process_reader_win.cc(123)] NtOpenThread: {Access Denied} A process has requested access to an object, but has not been granted those access rights. (0xc0000022)
[0620/162529.090:ERROR:exception_snapshot_win.cc(98)] thread ID 19632 not found in process
[0620/165409.012:ERROR:process_reader_win.cc(123)] NtOpenThread: {Access Denied} A process has requested access to an object, but has not been granted those access rights. (0xc0000022)
[0620/165409.012:ERROR:exception_snapshot_win.cc(98)] thread ID 21596 not found in process
[0620/165410.282:ERROR:process_reader_win.cc(123)] NtOpenThread: {Access Denied} A process has requested access to an object, but has not been granted those access rights. (0xc0000022)
[0620/165410.282:ERROR:exception_snapshot_win.cc(98)] thread ID 19692 not found in process
[0620/170036.259:ERROR:process_reader_win.cc(123)] NtOpenThread: {Access Denied} A process has requested access to an object, but has not been granted those access rights. (0xc0000022)
[0620/170036.260:ERROR:exception_snapshot_win.cc(98)] thread ID 16112 not found in process
[0620/170523.898:ERROR:process_reader_win.cc(123)] NtOpenThread: {Access Denied} A process has requested access to an object, but has not been granted those access rights. (0xc0000022)
[0620/170523.899:ERROR:exception_snapshot_win.cc(98)] thread ID 21592 not found in process
[0620/172336.827:ERROR:process_reader_win.cc(123)] NtOpenThread: {Access Denied} A process has requested access to an object, but has not been granted those access rights. (0xc0000022)
[0620/172336.827:ERROR:exception_snapshot_win.cc(98)] thread ID 23060 not found in process
[0620/172337.692:ERROR:process_reader_win.cc(123)] NtOpenThread: {Access Denied} A process has requested access to an object, but has not been granted those access rights. (0xc0000022)
[0620/172337.693:ERROR:exception_snapshot_win.cc(98)] thread ID 23516 not found in process
[0621/164806.165:ERROR:process_reader_win.cc(123)] NtOpenThread: {Access Denied} A process has requested access to an object, but has not been granted those access rights. (0xc0000022)
[0621/164806.184:ERROR:exception_snapshot_win.cc(98)] thread ID 28356 not found in process
[0622/124409.378:ERROR:process_reader_win.cc(123)] NtOpenThread: {Access Denied} A process has requested access to an object, but has not been granted those access rights. (0xc0000022)
[0622/124409.398:ERROR:exception_snapshot_win.cc(98)] thread ID 9124 not found in process
[0622/130120.854:ERROR:process_reader_win.cc(151)] SuspendThread: Access is denied. (0x5)
[0622/130120.895:ERROR:process_reader_win.cc(151)] SuspendThread: Access is denied. (0x5)
[0622/130120.895:ERROR:process_reader_win.cc(151)] SuspendThread: Access is denied. (0x5)
[0622/130120.895:ERROR:process_reader_win.cc(151)] SuspendThread: Access is denied. (0x5)
[0622/130120.895:ERROR:process_reader_win.cc(123)] NtOpenThread: {Access Denied} A process has requested access to an object, but has not been granted those access rights. (0xc0000022)
[0622/130120.895:ERROR:exception_snapshot_win.cc(98)] thread ID 10576 not found in process
[0622/133938.430:ERROR:process_reader_win.cc(123)] NtOpenThread: {Access Denied} A process has requested access to an object, but has not been granted those access rights. (0xc0000022)
[0622/133938.431:ERROR:exception_snapshot_win.cc(98)] thread ID 740 not found in process
[0622/140213.569:ERROR:process_reader_win.cc(151)] SuspendThread: Access is denied. (0x5)
[0622/140213.569:ERROR:process_reader_win.cc(151)] SuspendThread: Access is denied. (0x5)
[0622/140213.569:ERROR:process_reader_win.cc(151)] SuspendThread: Access is denied. (0x5)
[0622/140213.569:ERROR:process_reader_win.cc(151)] SuspendThread: Access is denied. (0x5)
[0622/140213.569:ERROR:process_reader_win.cc(151)] SuspendThread: Access is denied. (0x5)
[0622/140213.569:ERROR:process_reader_win.cc(151)] SuspendThread: Access is denied. (0x5)
[0622/140213.569:ERROR:process_reader_win.cc(151)] SuspendThread: Access is denied. (0x5)
[0622/140213.569:ERROR:process_reader_win.cc(123)] NtOpenThread: {Access Denied} A process has requested access to an object, but has not been granted those access rights. (0xc0000022)
[0622/140213.570:ERROR:exception_snapshot_win.cc(98)] thread ID 8964 not found in process
[0622/140215.852:ERROR:process_reader_win.cc(151)] SuspendThread: Access is denied. (0x5)
[0622/140215.852:ERROR:process_reader_win.cc(123)] NtOpenThread: {Access Denied} A process has requested access to an object, but has not been granted those access rights. (0xc0000022)
[0622/140215.852:ERROR:exception_snapshot_win.cc(98)] thread ID 12664 not found in process
[0623/110232.328:ERROR:process_reader_win.cc(123)] NtOpenThread: {Access Denied} A process has requested access to an object, but has not been granted those access rights. (0xc0000022)
[0623/110232.352:ERROR:exception_snapshot_win.cc(98)] thread ID 10332 not found in process
[0623/112642.605:ERROR:process_reader_win.cc(123)] NtOpenThread: {Access Denied} A process has requested access to an object, but has not been granted those access rights. (0xc0000022)
[0623/112642.605:ERROR:exception_snapshot_win.cc(98)] thread ID 11048 not found in process
[0623/123721.084:ERROR:process_reader_win.cc(123)] NtOpenThread: {Access Denied} A process has requested access to an object, but has not been granted those access rights. (0xc0000022)
[0623/123721.117:ERROR:exception_snapshot_win.cc(98)] thread ID 15124 not found in process
[0623/123722.368:ERROR:process_reader_win.cc(151)] SuspendThread: Access is denied. (0x5)
[0623/123722.369:ERROR:process_reader_win.cc(151)] SuspendThread: Access is denied. (0x5)
[0623/123722.369:ERROR:process_reader_win.cc(151)] SuspendThread: Access is denied. (0x5)
[0623/123722.369:ERROR:process_reader_win.cc(123)] NtOpenThread: {Access Denied} A process has requested access to an object, but has not been granted those access rights. (0xc0000022)
[0623/123722.369:ERROR:exception_snapshot_win.cc(98)] thread ID 15356 not found in process
[0623/123728.195:ERROR:process_reader_win.cc(123)] NtOpenThread: {Access Denied} A process has requested access to an object, but has not been granted those access rights. (0xc0000022)
[0623/123728.196:ERROR:exception_snapshot_win.cc(98)] thread ID 14488 not found in process
[0624/172858.356:ERROR:process_reader_win.cc(151)] SuspendThread: Access is denied. (0x5)
[0624/172858.407:ERROR:process_reader_win.cc(151)] SuspendThread: Access is denied. (0x5)
[0624/172858.407:ERROR:process_reader_win.cc(123)] NtOpenThread: {Access Denied} A process has requested access to an object, but has not been granted those access rights. (0xc0000022)
[0624/172858.425:ERROR:exception_snapshot_win.cc(98)] thread ID 19792 not found in process
[0624/174219.442:ERROR:process_reader_win.cc(151)] SuspendThread: Access is denied. (0x5)
[0624/174219.442:ERROR:process_reader_win.cc(123)] NtOpenThread: {Access Denied} A process has requested access to an object, but has not been granted those access rights. (0xc0000022)
[0624/174219.443:ERROR:exception_snapshot_win.cc(98)] thread ID 25044 not found in process
[0624/174810.369:ERROR:process_reader_win.cc(123)] NtOpenThread: {Access Denied} A process has requested access to an object, but has not been granted those access rights. (0xc0000022)
[0624/174810.370:ERROR:exception_snapshot_win.cc(98)] thread ID 25352 not found in process
[0624/175034.090:ERROR:process_reader_win.cc(123)] NtOpenThread: {Access Denied} A process has requested access to an object, but has not been granted those access rights. (0xc0000022)
[0624/175034.090:ERROR:exception_snapshot_win.cc(98)] thread ID 24020 not found in process
[0624/175709.059:ERROR:process_reader_win.cc(123)] NtOpenThread: {Access Denied} A process has requested access to an object, but has not been granted those access rights. (0xc0000022)
[0624/175709.059:ERROR:exception_snapshot_win.cc(98)] thread ID 24004 not found in process
[0624/185026.885:ERROR:process_reader_win.cc(123)] NtOpenThread: {Access Denied} A process has requested access to an object, but has not been granted those access rights. (0xc0000022)
[0624/185026.886:ERROR:exception_snapshot_win.cc(98)] thread ID 24776 not found in process
[0624/191632.701:ERROR:process_reader_win.cc(123)] NtOpenThread: {Access Denied} A process has requested access to an object, but has not been granted those access rights. (0xc0000022)
[0624/191632.714:ERROR:exception_snapshot_win.cc(98)] thread ID 30180 not found in process
[0624/191641.110:ERROR:process_reader_win.cc(123)] NtOpenThread: {Access Denied} A process has requested access to an object, but has not been granted those access rights. (0xc0000022)
[0624/191641.110:ERROR:exception_snapshot_win.cc(98)] thread ID 30276 not found in process
[0624/191642.500:ERROR:process_reader_win.cc(123)] NtOpenThread: {Access Denied} A process has requested access to an object, but has not been granted those access rights. (0xc0000022)
[0624/191642.500:ERROR:exception_snapshot_win.cc(98)] thread ID 30000 not found in process
[0624/194941.429:ERROR:process_reader_win.cc(123)] NtOpenThread: {Access Denied} A process has requested access to an object, but has not been granted those access rights. (0xc0000022)
[0624/194941.429:ERROR:exception_snapshot_win.cc(98)] thread ID 18000 not found in process
[0624/202128.460:ERROR:process_reader_win.cc(123)] NtOpenThread: {Access Denied} A process has requested access to an object, but has not been granted those access rights. (0xc0000022)
[0624/202128.460:ERROR:exception_snapshot_win.cc(98)] thread ID 29940 not found in process
[0624/202129.594:ERROR:process_reader_win.cc(123)] NtOpenThread: {Access Denied} A process has requested access to an object, but has not been granted those access rights. (0xc0000022)
[0624/202129.594:ERROR:exception_snapshot_win.cc(98)] thread ID 24044 not found in process
[0624/202131.660:ERROR:process_reader_win.cc(123)] NtOpenThread: {Access Denied} A process has requested access to an object, but has not been granted those access rights. (0xc0000022)
[0624/202131.661:ERROR:exception_snapshot_win.cc(98)] thread ID 13796 not found in process
[0624/202133.300:ERROR:process_reader_win.cc(123)] NtOpenThread: {Access Denied} A process has requested access to an object, but has not been granted those access rights. (0xc0000022)
[0624/202133.300:ERROR:exception_snapshot_win.cc(98)] thread ID 18676 not found in process
[0624/202134.757:ERROR:process_reader_win.cc(123)] NtOpenThread: {Access Denied} A process has requested access to an object, but has not been granted those access rights. (0xc0000022)
[0624/202134.758:ERROR:exception_snapshot_win.cc(98)] thread ID 31500 not found in process
[0625/121335.465:ERROR:process_reader_win.cc(151)] SuspendThread: Access is denied. (0x5)
[0625/121335.493:ERROR:process_reader_win.cc(151)] SuspendThread: Access is denied. (0x5)
[0625/121335.493:ERROR:process_reader_win.cc(151)] SuspendThread: Access is denied. (0x5)
[0625/121335.493:ERROR:process_reader_win.cc(151)] SuspendThread: Access is denied. (0x5)
[0625/121335.493:ERROR:process_reader_win.cc(151)] SuspendThread: Access is denied. (0x5)
[0625/121335.493:ERROR:process_reader_win.cc(151)] SuspendThread: Access is denied. (0x5)
[0625/121335.493:ERROR:process_reader_win.cc(151)] SuspendThread: Access is denied. (0x5)
[0625/121335.493:ERROR:process_reader_win.cc(151)] SuspendThread: Access is denied. (0x5)
[0625/121335.493:ERROR:process_reader_win.cc(151)] SuspendThread: Access is denied. (0x5)
[0625/121335.493:ERROR:process_reader_win.cc(151)] SuspendThread: Access is denied. (0x5)
[0625/121335.493:ERROR:process_reader_win.cc(151)] SuspendThread: Access is denied. (0x5)
[0625/121335.493:ERROR:process_reader_win.cc(151)] SuspendThread: Access is denied. (0x5)
[0625/121335.493:ERROR:process_reader_win.cc(151)] SuspendThread: Access is denied. (0x5)
[0625/121335.493:ERROR:process_reader_win.cc(151)] SuspendThread: Access is denied. (0x5)
[0625/121335.493:ERROR:process_reader_win.cc(151)] SuspendThread: Access is denied. (0x5)
[0625/121335.493:ERROR:process_reader_win.cc(123)] NtOpenThread: {Access Denied} A process has requested access to an object, but has not been granted those access rights. (0xc0000022)
[0625/121335.493:ERROR:exception_snapshot_win.cc(98)] thread ID 7648 not found in process
[0625/121344.131:ERROR:process_reader_win.cc(123)] NtOpenThread: {Access Denied} A process has requested access to an object, but has not been granted those access rights. (0xc0000022)
[0625/121344.131:ERROR:exception_snapshot_win.cc(98)] thread ID 16184 not found in process
[0625/122356.657:ERROR:process_reader_win.cc(123)] NtOpenThread: {Access Denied} A process has requested access to an object, but has not been granted those access rights. (0xc0000022)
[0625/122356.657:ERROR:exception_snapshot_win.cc(98)] thread ID 32424 not found in process
[0625/125832.346:ERROR:process_reader_win.cc(123)] NtOpenThread: {Access Denied} A process has requested access to an object, but has not been granted those access rights. (0xc0000022)
[0625/125832.346:ERROR:exception_snapshot_win.cc(98)] thread ID 27732 not found in process
[0625/131021.060:ERROR:process_reader_win.cc(123)] NtOpenThread: {Access Denied} A process has requested access to an object, but has not been granted those access rights. (0xc0000022)
[0625/131021.060:ERROR:exception_snapshot_win.cc(98)] thread ID 31948 not found in process
[0625/150853.243:ERROR:process_reader_win.cc(123)] NtOpenThread: {Access Denied} A process has requested access to an object, but has not been granted those access rights. (0xc0000022)
[0625/150853.427:ERROR:exception_snapshot_win.cc(98)] thread ID 33900 not found in process
[0625/150900.689:ERROR:process_reader_win.cc(123)] NtOpenThread: {Access Denied} A process has requested access to an object, but has not been granted those access rights. (0xc0000022)
[0625/150900.689:ERROR:exception_snapshot_win.cc(98)] thread ID 36644 not found in process
[0625/150907.001:ERROR:process_reader_win.cc(123)] NtOpenThread: {Access Denied} A process has requested access to an object, but has not been granted those access rights. (0xc0000022)
[0625/150907.002:ERROR:exception_snapshot_win.cc(98)] thread ID 35968 not found in process
[0625/150908.691:ERROR:process_reader_win.cc(123)] NtOpenThread: {Access Denied} A process has requested access to an object, but has not been granted those access rights. (0xc0000022)
[0625/150908.692:ERROR:exception_snapshot_win.cc(98)] thread ID 37736 not found in process
[0625/164915.442:ERROR:process_reader_win.cc(123)] NtOpenThread: {Access Denied} A process has requested access to an object, but has not been granted those access rights. (0xc0000022)
[0625/164915.473:ERROR:exception_snapshot_win.cc(98)] thread ID 592 not found in process
[0625/164916.015:ERROR:process_reader_win.cc(123)] NtOpenThread: {Access Denied} A process has requested access to an object, but has not been granted those access rights. (0xc0000022)
[0625/164916.015:ERROR:exception_snapshot_win.cc(98)] thread ID 34136 not found in process
[0625/164917.449:ERROR:process_reader_win.cc(123)] NtOpenThread: {Access Denied} A process has requested access to an object, but has not been granted those access rights. (0xc0000022)
[0625/164917.449:ERROR:exception_snapshot_win.cc(98)] thread ID 35132 not found in process
[0625/164919.604:ERROR:process_reader_win.cc(123)] NtOpenThread: {Access Denied} A process has requested access to an object, but has not been granted those access rights. (0xc0000022)
[0625/164919.604:ERROR:exception_snapshot_win.cc(98)] thread ID 34312 not found in process
[0625/194136.474:ERROR:process_reader_win.cc(123)] NtOpenThread: {Access Denied} A process has requested access to an object, but has not been granted those access rights. (0xc0000022)
[0625/194136.505:ERROR:exception_snapshot_win.cc(98)] thread ID 10060 not found in process
[0625/214308.165:ERROR:process_reader_win.cc(123)] NtOpenThread: {Access Denied} A process has requested access to an object, but has not been granted those access rights. (0xc0000022)
[0625/214308.307:ERROR:exception_snapshot_win.cc(98)] thread ID 12732 not found in process
[0625/214310.274:ERROR:process_reader_win.cc(123)] NtOpenThread: {Access Denied} A process has requested access to an object, but has not been granted those access rights. (0xc0000022)
[0625/214310.275:ERROR:exception_snapshot_win.cc(98)] thread ID 12452 not found in process
[0625/214314.156:ERROR:process_reader_win.cc(123)] NtOpenThread: {Access Denied} A process has requested access to an object, but has not been granted those access rights. (0xc0000022)
[0625/214314.156:ERROR:exception_snapshot_win.cc(98)] thread ID 14168 not found in process
[0625/214319.282:ERROR:process_reader_win.cc(123)] NtOpenThread: {Access Denied} A process has requested access to an object, but has not been granted those access rights. (0xc0000022)
[0625/214319.283:ERROR:exception_snapshot_win.cc(98)] thread ID 13964 not found in process
[0626/155605.013:ERROR:process_reader_win.cc(123)] NtOpenThread: {Access Denied} A process has requested access to an object, but has not been granted those access rights. (0xc0000022)
[0626/155605.152:ERROR:exception_snapshot_win.cc(98)] thread ID 16880 not found in process
[0626/155607.597:ERROR:process_reader_win.cc(123)] NtOpenThread: {Access Denied} A process has requested access to an object, but has not been granted those access rights. (0xc0000022)
[0626/155607.598:ERROR:exception_snapshot_win.cc(98)] thread ID 16536 not found in process
[0626/155608.900:ERROR:process_reader_win.cc(123)] NtOpenThread: {Access Denied} A process has requested access to an object, but has not been granted those access rights. (0xc0000022)
[0626/155608.901:ERROR:exception_snapshot_win.cc(98)] thread ID 15520 not found in process
[0626/173751.455:ERROR:process_reader_win.cc(123)] NtOpenThread: {Access Denied} A process has requested access to an object, but has not been granted those access rights. (0xc0000022)
[0626/173751.547:ERROR:exception_snapshot_win.cc(98)] thread ID 20244 not found in process
[0626/173805.731:ERROR:process_reader_win.cc(123)] NtOpenThread: {Access Denied} A process has requested access to an object, but has not been granted those access rights. (0xc0000022)
[0626/173805.731:ERROR:exception_snapshot_win.cc(98)] thread ID 19532 not found in process
[0626/173806.704:ERROR:process_reader_win.cc(123)] NtOpenThread: {Access Denied} A process has requested access to an object, but has not been granted those access rights. (0xc0000022)
[0626/173806.704:ERROR:exception_snapshot_win.cc(98)] thread ID 5952 not found in process
[0626/173814.046:ERROR:process_reader_win.cc(123)] NtOpenThread: {Access Denied} A process has requested access to an object, but has not been granted those access rights. (0xc0000022)
[0626/173814.047:ERROR:exception_snapshot_win.cc(98)] thread ID 20152 not found in process
[0626/173815.663:ERROR:process_reader_win.cc(123)] NtOpenThread: {Access Denied} A process has requested access to an object, but has not been granted those access rights. (0xc0000022)
[0626/173815.663:ERROR:exception_snapshot_win.cc(98)] thread ID 17728 not found in process
[0626/183849.478:ERROR:process_reader_win.cc(123)] NtOpenThread: {Access Denied} A process has requested access to an object, but has not been granted those access rights. (0xc0000022)
[0626/183849.480:ERROR:process_reader_win.cc(123)] NtOpenThread: {Access Denied} A process has requested access to an object, but has not been granted those access rights. (0xc0000022)
[0626/183849.590:ERROR:exception_snapshot_win.cc(98)] thread ID 18916 not found in process
[0626/183849.590:ERROR:exception_snapshot_win.cc(98)] thread ID 18840 not found in process
[0626/183851.176:ERROR:process_reader_win.cc(123)] NtOpenThread: {Access Denied} A process has requested access to an object, but has not been granted those access rights. (0xc0000022)
[0626/183851.177:ERROR:exception_snapshot_win.cc(98)] thread ID 16112 not found in process
[0627/155758.055:ERROR:process_reader_win.cc(151)] SuspendThread: Access is denied. (0x5)
[0627/155758.176:ERROR:process_reader_win.cc(151)] SuspendThread: Access is denied. (0x5)
[0627/155758.176:ERROR:process_reader_win.cc(151)] SuspendThread: Access is denied. (0x5)
[0627/155758.176:ERROR:process_reader_win.cc(151)] SuspendThread: Access is denied. (0x5)
[0627/155758.176:ERROR:process_reader_win.cc(151)] SuspendThread: Access is denied. (0x5)
[0627/155758.176:ERROR:process_reader_win.cc(123)] NtOpenThread: {Access Denied} A process has requested access to an object, but has not been granted those access rights. (0xc0000022)
[0627/155758.188:ERROR:exception_snapshot_win.cc(98)] thread ID 16228 not found in process
[0627/155800.234:ERROR:process_reader_win.cc(151)] SuspendThread: Access is denied. (0x5)
[0627/155800.235:ERROR:process_reader_win.cc(151)] SuspendThread: Access is denied. (0x5)
[0627/155800.235:ERROR:process_reader_win.cc(151)] SuspendThread: Access is denied. (0x5)
[0627/155800.235:ERROR:process_reader_win.cc(151)] SuspendThread: Access is denied. (0x5)
[0627/155800.235:ERROR:process_reader_win.cc(151)] SuspendThread: Access is denied. (0x5)
[0627/155800.235:ERROR:process_reader_win.cc(151)] SuspendThread: Access is denied. (0x5)
[0627/155800.235:ERROR:process_reader_win.cc(151)] SuspendThread: Access is denied. (0x5)
[0627/155800.235:ERROR:process_reader_win.cc(151)] SuspendThread: Access is denied. (0x5)
[0627/155800.235:ERROR:process_reader_win.cc(151)] SuspendThread: Access is denied. (0x5)
[0627/155800.235:ERROR:process_reader_win.cc(151)] SuspendThread: Access is denied. (0x5)
[0627/155800.235:ERROR:process_reader_win.cc(151)] SuspendThread: Access is denied. (0x5)
[0627/155800.235:ERROR:process_reader_win.cc(151)] SuspendThread: Access is denied. (0x5)
[0627/155800.235:ERROR:process_reader_win.cc(123)] NtOpenThread: {Access Denied} A process has requested access to an object, but has not been granted those access rights. (0xc0000022)
[0627/155800.235:ERROR:exception_snapshot_win.cc(98)] thread ID 22128 not found in process
[0627/203633.101:ERROR:process_reader_win.cc(123)] NtOpenThread: {Access Denied} A process has requested access to an object, but has not been granted those access rights. (0xc0000022)
[0627/203633.119:ERROR:exception_snapshot_win.cc(98)] thread ID 28604 not found in process
[0627/203634.541:ERROR:process_reader_win.cc(123)] NtOpenThread: {Access Denied} A process has requested access to an object, but has not been granted those access rights. (0xc0000022)
[0627/203634.541:ERROR:exception_snapshot_win.cc(98)] thread ID 28420 not found in process
[0628/123427.215:ERROR:process_reader_win.cc(123)] NtOpenThread: {Access Denied} A process has requested access to an object, but has not been granted those access rights. (0xc0000022)
[0628/123427.239:ERROR:exception_snapshot_win.cc(98)] thread ID 29456 not found in process
[0628/123428.946:ERROR:process_reader_win.cc(123)] NtOpenThread: {Access Denied} A process has requested access to an object, but has not been granted those access rights. (0xc0000022)
[0628/123428.947:ERROR:exception_snapshot_win.cc(98)] thread ID 6632 not found in process
[0628/123430.763:ERROR:process_reader_win.cc(123)] NtOpenThread: {Access Denied} A process has requested access to an object, but has not been granted those access rights. (0xc0000022)
[0628/123430.763:ERROR:exception_snapshot_win.cc(98)] thread ID 26576 not found in process
[0629/172817.900:ERROR:process_reader_win.cc(123)] NtOpenThread: {Access Denied} A process has requested access to an object, but has not been granted those access rights. (0xc0000022)
[0629/172817.963:ERROR:exception_snapshot_win.cc(98)] thread ID 37892 not found in process
[0629/172825.464:ERROR:process_reader_win.cc(123)] NtOpenThread: {Access Denied} A process has requested access to an object, but has not been granted those access rights. (0xc0000022)
[0629/172825.464:ERROR:exception_snapshot_win.cc(98)] thread ID 38800 not found in process
[0629/222431.868:ERROR:process_reader_win.cc(151)] SuspendThread: Access is denied. (0x5)
[0629/222432.041:ERROR:process_reader_win.cc(151)] SuspendThread: Access is denied. (0x5)
[0629/222432.041:ERROR:process_reader_win.cc(151)] SuspendThread: Access is denied. (0x5)
[0629/222432.041:ERROR:process_reader_win.cc(151)] SuspendThread: Access is denied. (0x5)
[0629/222432.041:ERROR:process_reader_win.cc(151)] SuspendThread: Access is denied. (0x5)
[0629/222432.041:ERROR:process_reader_win.cc(123)] NtOpenThread: {Access Denied} A process has requested access to an object, but has not been granted those access rights. (0xc0000022)
[0629/222432.076:ERROR:exception_snapshot_win.cc(98)] thread ID 46780 not found in process
[0629/222434.585:ERROR:process_reader_win.cc(151)] SuspendThread: Access is denied. (0x5)
[0629/222434.585:ERROR:process_reader_win.cc(123)] NtOpenThread: {Access Denied} A process has requested access to an object, but has not been granted those access rights. (0xc0000022)
[0629/222434.585:ERROR:exception_snapshot_win.cc(98)] thread ID 46888 not found in process
[0629/222434.845:ERROR:process_reader_win.cc(151)] SuspendThread: Access is denied. (0x5)
[0629/222434.845:ERROR:process_reader_win.cc(123)] NtOpenThread: {Access Denied} A process has requested access to an object, but has not been granted those access rights. (0xc0000022)
[0629/222434.845:ERROR:exception_snapshot_win.cc(98)] thread ID 46940 not found in process
[0629/222435.807:ERROR:process_reader_win.cc(123)] NtOpenThread: {Access Denied} A process has requested access to an object, but has not been granted those access rights. (0xc0000022)
[0629/222435.807:ERROR:exception_snapshot_win.cc(98)] thread ID 47016 not found in process
[0629/222437.026:ERROR:process_reader_win.cc(123)] NtOpenThread: {Access Denied} A process has requested access to an object, but has not been granted those access rights. (0xc0000022)
[0629/222437.027:ERROR:exception_snapshot_win.cc(98)] thread ID 46212 not found in process
[0629/222441.540:ERROR:process_reader_win.cc(123)] NtOpenThread: {Access Denied} A process has requested access to an object, but has not been granted those access rights. (0xc0000022)
[0629/222441.540:ERROR:exception_snapshot_win.cc(98)] thread ID 46648 not found in process
[0630/120240.693:ERROR:process_reader_win.cc(151)] SuspendThread: Access is denied. (0x5)
[0630/120240.712:ERROR:process_reader_win.cc(123)] NtOpenThread: {Access Denied} A process has requested access to an object, but has not been granted those access rights. (0xc0000022)
[0630/120240.732:ERROR:exception_snapshot_win.cc(98)] thread ID 46500 not found in process
[0630/161204.863:ERROR:process_reader_win.cc(151)] SuspendThread: Access is denied. (0x5)
[0630/161204.882:ERROR:process_reader_win.cc(123)] NtOpenThread: {Access Denied} A process has requested access to an object, but has not been granted those access rights. (0xc0000022)
[0630/161204.890:ERROR:exception_snapshot_win.cc(98)] thread ID 37372 not found in process
[0630/161206.867:ERROR:process_reader_win.cc(151)] SuspendThread: Access is denied. (0x5)
[0630/161206.867:ERROR:process_reader_win.cc(123)] NtOpenThread: {Access Denied} A process has requested access to an object, but has not been granted those access rights. (0xc0000022)
[0630/161206.867:ERROR:exception_snapshot_win.cc(98)] thread ID 52060 not found in process
[0630/161208.250:ERROR:process_reader_win.cc(123)] NtOpenThread: {Access Denied} A process has requested access to an object, but has not been granted those access rights. (0xc0000022)
[0630/161208.250:ERROR:exception_snapshot_win.cc(98)] thread ID 47784 not found in process
[0701/204455.567:ERROR:process_reader_win.cc(151)] SuspendThread: Access is denied. (0x5)
[0701/204455.588:ERROR:process_reader_win.cc(151)] SuspendThread: Access is denied. (0x5)
[0701/204455.588:ERROR:process_reader_win.cc(123)] NtOpenThread: {Access Denied} A process has requested access to an object, but has not been granted those access rights. (0xc0000022)
[0701/204455.606:ERROR:exception_snapshot_win.cc(98)] thread ID 62940 not found in process
[0701/204512.822:ERROR:process_reader_win.cc(123)] NtOpenThread: {Access Denied} A process has requested access to an object, but has not been granted those access rights. (0xc0000022)
[0701/204512.822:ERROR:exception_snapshot_win.cc(98)] thread ID 53684 not found in process
[0702/191424.482:ERROR:process_reader_win.cc(123)] NtOpenThread: {Access Denied} A process has requested access to an object, but has not been granted those access rights. (0xc0000022)
[0702/191424.502:ERROR:exception_snapshot_win.cc(98)] thread ID 12420 not found in process
[0702/191425.696:ERROR:process_reader_win.cc(123)] NtOpenThread: {Access Denied} A process has requested access to an object, but has not been granted those access rights. (0xc0000022)
[0702/191425.697:ERROR:exception_snapshot_win.cc(98)] thread ID 12764 not found in process
[0702/191426.815:ERROR:process_reader_win.cc(123)] NtOpenThread: {Access Denied} A process has requested access to an object, but has not been granted those access rights. (0xc0000022)
[0702/191426.816:ERROR:exception_snapshot_win.cc(98)] thread ID 12440 not found in process
[0702/221654.248:ERROR:process_reader_win.cc(123)] NtOpenThread: {Access Denied} A process has requested access to an object, but has not been granted those access rights. (0xc0000022)
[0702/221654.413:ERROR:exception_snapshot_win.cc(98)] thread ID 17972 not found in process
[0702/221715.009:ERROR:process_reader_win.cc(123)] NtOpenThread: {Access Denied} A process has requested access to an object, but has not been granted those access rights. (0xc0000022)
[0702/221715.010:ERROR:exception_snapshot_win.cc(98)] thread ID 19692 not found in process
[0702/221731.367:ERROR:scoped_process_suspend.cc(31)] NtSuspendProcess: An attempt was made to access an exiting process. (0xc000010a)
[0702/221732.082:ERROR:process_reader_win.cc(123)] NtOpenThread: {Access Denied} A process has requested access to an object, but has not been granted those access rights. (0xc0000022)
[0702/221732.082:ERROR:exception_snapshot_win.cc(98)] thread ID 20200 not found in process
[0702/221735.546:ERROR:process_reader_win.cc(123)] NtOpenThread: {Access Denied} A process has requested access to an object, but has not been granted those access rights. (0xc0000022)
[0702/221735.546:ERROR:exception_snapshot_win.cc(98)] thread ID 14396 not found in process
[0702/221736.839:ERROR:process_reader_win.cc(123)] NtOpenThread: {Access Denied} A process has requested access to an object, but has not been granted those access rights. (0xc0000022)
[0702/221736.839:ERROR:exception_snapshot_win.cc(98)] thread ID 19376 not found in process
[0702/221739.756:ERROR:process_reader_win.cc(123)] NtOpenThread: {Access Denied} A process has requested access to an object, but has not been granted those access rights. (0xc0000022)
[0702/221739.756:ERROR:exception_snapshot_win.cc(98)] thread ID 19836 not found in process
[0703/110733.105:ERROR:process_reader_win.cc(151)] SuspendThread: Access is denied. (0x5)
[0703/110733.117:ERROR:process_reader_win.cc(151)] SuspendThread: Access is denied. (0x5)
[0703/110733.117:ERROR:process_reader_win.cc(151)] SuspendThread: Access is denied. (0x5)
[0703/110733.117:ERROR:process_reader_win.cc(151)] SuspendThread: Access is denied. (0x5)
[0703/110733.117:ERROR:process_reader_win.cc(123)] NtOpenThread: {Access Denied} A process has requested access to an object, but has not been granted those access rights. (0xc0000022)
[0703/110733.202:ERROR:exception_snapshot_win.cc(98)] thread ID 18156 not found in process
[0703/111040.321:ERROR:process_reader_win.cc(123)] NtOpenThread: {Access Denied} A process has requested access to an object, but has not been granted those access rights. (0xc0000022)
[0703/111040.321:ERROR:exception_snapshot_win.cc(98)] thread ID 8544 not found in process
[0703/225037.724:ERROR:process_reader_win.cc(123)] NtOpenThread: {Access Denied} A process has requested access to an object, but has not been granted those access rights. (0xc0000022)
[0703/225037.796:ERROR:exception_snapshot_win.cc(98)] thread ID 3348 not found in process
[0704/100943.292:ERROR:process_reader_win.cc(123)] NtOpenThread: {Access Denied} A process has requested access to an object, but has not been granted those access rights. (0xc0000022)
[0704/100943.315:ERROR:exception_snapshot_win.cc(98)] thread ID 25900 not found in process
[0705/110024.172:ERROR:process_reader_win.cc(123)] NtOpenThread: {Access Denied} A process has requested access to an object, but has not been granted those access rights. (0xc0000022)
[0705/110024.310:ERROR:exception_snapshot_win.cc(98)] thread ID 33508 not found in process
[0705/110030.024:ERROR:process_reader_win.cc(151)] SuspendThread: Access is denied. (0x5)
[0705/110030.024:ERROR:process_reader_win.cc(123)] NtOpenThread: {Access Denied} A process has requested access to an object, but has not been granted those access rights. (0xc0000022)
[0705/110030.024:ERROR:exception_snapshot_win.cc(98)] thread ID 33692 not found in process
[0706/101904.270:ERROR:process_reader_win.cc(123)] NtOpenThread: {Access Denied} A process has requested access to an object, but has not been granted those access rights. (0xc0000022)
[0706/101904.308:ERROR:exception_snapshot_win.cc(98)] thread ID 18204 not found in process
[0706/102002.004:ERROR:process_reader_win.cc(123)] NtOpenThread: {Access Denied} A process has requested access to an object, but has not been granted those access rights. (0xc0000022)
[0706/102002.004:ERROR:exception_snapshot_win.cc(98)] thread ID 18084 not found in process
[0706/234015.088:ERROR:process_reader_win.cc(123)] NtOpenThread: {Access Denied} A process has requested access to an object, but has not been granted those access rights. (0xc0000022)
[0706/234015.123:ERROR:exception_snapshot_win.cc(98)] thread ID 21276 not found in process
[0706/234016.643:ERROR:process_reader_win.cc(123)] NtOpenThread: {Access Denied} A process has requested access to an object, but has not been granted those access rights. (0xc0000022)
[0706/234016.643:ERROR:exception_snapshot_win.cc(98)] thread ID 20992 not found in process
[0708/110906.814:ERROR:process_reader_win.cc(123)] NtOpenThread: {Access Denied} A process has requested access to an object, but has not been granted those access rights. (0xc0000022)
[0708/110906.875:ERROR:exception_snapshot_win.cc(98)] thread ID 12508 not found in process
[0708/110908.801:ERROR:process_reader_win.cc(123)] NtOpenThread: {Access Denied} A process has requested access to an object, but has not been granted those access rights. (0xc0000022)
[0708/110908.802:ERROR:exception_snapshot_win.cc(98)] thread ID 14240 not found in process
[0708/110910.147:ERROR:process_reader_win.cc(123)] NtOpenThread: {Access Denied} A process has requested access to an object, but has not been granted those access rights. (0xc0000022)
[0708/110910.148:ERROR:exception_snapshot_win.cc(98)] thread ID 10004 not found in process
[0708/110914.070:ERROR:process_reader_win.cc(123)] NtOpenThread: {Access Denied} A process has requested access to an object, but has not been granted those access rights. (0xc0000022)
[0708/110914.071:ERROR:exception_snapshot_win.cc(98)] thread ID 12948 not found in process
[0708/165225.276:ERROR:process_reader_win.cc(151)] SuspendThread: Access is denied. (0x5)
[0708/165225.276:ERROR:process_reader_win.cc(151)] SuspendThread: Access is denied. (0x5)
[0708/165225.276:ERROR:process_reader_win.cc(151)] SuspendThread: Access is denied. (0x5)
[0708/165225.276:ERROR:process_reader_win.cc(151)] SuspendThread: Access is denied. (0x5)
[0708/165225.276:ERROR:process_reader_win.cc(151)] SuspendThread: Access is denied. (0x5)
[0708/165225.276:ERROR:process_reader_win.cc(151)] SuspendThread: Access is denied. (0x5)
[0708/165225.276:ERROR:process_reader_win.cc(123)] NtOpenThread: {Access Denied} A process has requested access to an object, but has not been granted those access rights. (0xc0000022)
[0708/165225.345:ERROR:exception_snapshot_win.cc(98)] thread ID 15896 not found in process
[0708/165227.883:ERROR:process_reader_win.cc(151)] SuspendThread: Access is denied. (0x5)
[0708/165227.883:ERROR:process_reader_win.cc(151)] SuspendThread: Access is denied. (0x5)
[0708/165227.883:ERROR:process_reader_win.cc(151)] SuspendThread: Access is denied. (0x5)
[0708/165227.883:ERROR:process_reader_win.cc(151)] SuspendThread: Access is denied. (0x5)
[0708/165227.883:ERROR:process_reader_win.cc(151)] SuspendThread: Access is denied. (0x5)
[0708/165227.883:ERROR:process_reader_win.cc(151)] SuspendThread: Access is denied. (0x5)
[0708/165227.883:ERROR:process_reader_win.cc(151)] SuspendThread: Access is denied. (0x5)
[0708/165227.884:ERROR:process_reader_win.cc(151)] SuspendThread: Access is denied. (0x5)
[0708/165227.884:ERROR:process_reader_win.cc(151)] SuspendThread: Access is denied. (0x5)
[0708/165227.884:ERROR:process_reader_win.cc(151)] SuspendThread: Access is denied. (0x5)
[0708/165227.884:ERROR:process_reader_win.cc(151)] SuspendThread: Access is denied. (0x5)
[0708/165227.884:ERROR:process_reader_win.cc(151)] SuspendThread: Access is denied. (0x5)
[0708/165227.884:ERROR:process_reader_win.cc(151)] SuspendThread: Access is denied. (0x5)
[0708/165227.884:ERROR:process_reader_win.cc(123)] NtOpenThread: {Access Denied} A process has requested access to an object, but has not been granted those access rights. (0xc0000022)
[0708/165227.884:ERROR:exception_snapshot_win.cc(98)] thread ID 15680 not found in process
[0708/165240.060:ERROR:process_reader_win.cc(123)] NtOpenThread: {Access Denied} A process has requested access to an object, but has not been granted those access rights. (0xc0000022)
[0708/165240.060:ERROR:exception_snapshot_win.cc(98)] thread ID 16148 not found in process
[0708/192950.418:ERROR:process_reader_win.cc(123)] NtOpenThread: {Access Denied} A process has requested access to an object, but has not been granted those access rights. (0xc0000022)
[0708/192950.449:ERROR:exception_snapshot_win.cc(98)] thread ID 16416 not found in process
[0708/214848.553:ERROR:process_reader_win.cc(123)] NtOpenThread: {Access Denied} A process has requested access to an object, but has not been granted those access rights. (0xc0000022)
[0708/214848.595:ERROR:exception_snapshot_win.cc(98)] thread ID 19756 not found in process
[0708/214849.927:ERROR:process_reader_win.cc(123)] NtOpenThread: {Access Denied} A process has requested access to an object, but has not been granted those access rights. (0xc0000022)
[0708/214849.927:ERROR:exception_snapshot_win.cc(98)] thread ID 20156 not found in process
[0708/214955.831:ERROR:process_reader_win.cc(151)] SuspendThread: Access is denied. (0x5)
[0708/214955.832:ERROR:process_reader_win.cc(151)] SuspendThread: Access is denied. (0x5)
[0708/214955.832:ERROR:process_reader_win.cc(151)] SuspendThread: Access is denied. (0x5)
[0708/214955.832:ERROR:process_reader_win.cc(151)] SuspendThread: Access is denied. (0x5)
[0708/214955.832:ERROR:process_reader_win.cc(151)] SuspendThread: Access is denied. (0x5)
[0708/214955.832:ERROR:process_reader_win.cc(151)] SuspendThread: Access is denied. (0x5)
[0708/214955.832:ERROR:process_reader_win.cc(123)] NtOpenThread: {Access Denied} A process has requested access to an object, but has not been granted those access rights. (0xc0000022)
[0708/214955.832:ERROR:exception_snapshot_win.cc(98)] thread ID 18912 not found in process
